<?xml version="1.0" encoding="UTF-8"?>
<testng-results skipped="0" failed="0" ignored="0" total="1" passed="1">
  <reporter-output>
  </reporter-output>
  <suite name="Default suite" duration-ms="26032" started-at="2019-06-13T11:41:03Z" finished-at="2019-06-13T11:41:29Z">
    <groups>
    </groups>
    <test name="Default test" duration-ms="26032" started-at="2019-06-13T11:41:03Z" finished-at="2019-06-13T11:41:29Z">
      <class name="alerts.alerthandling">
        <test-method status="PASS" signature="open()[pri:0, instance:alerts.alerthandling@36d4b5c]" name="open" duration-ms="26008" started-at="2019-06-13T17:11:03Z" finished-at="2019-06-13T17:11:29Z">
          <reporter-output>
          </reporter-output>
        </test-method> <!-- open -->
      </class> <!-- alerts.alerthandling -->
    </test> <!-- Default test -->
  </suite> <!-- Default suite -->
</testng-results>
